2025-03-17 15:57:04,666 - pid_web_server - INFO - Loaded PID parameters: {'kp': 10.0, 'ki': 0.1, 'kd': 1.0, 'alpha': 0.2, 'sample_time': 10, 'target_angle': 0.0, 'deadband': 60, 'max_speed': 100, 'zero_threshold': 0.1}
2025-03-17 15:57:04,666 - pid_web_server - INFO - Updated PID parameters from robot_config.json: {'kp': 10.0, 'ki': 0.1, 'kd': 1.0, 'alpha': 0.2, 'sample_time': 10, 'target_angle': 0.0, 'deadband': 60, 'max_speed': 100, 'zero_threshold': 0.1}
2025-03-17 15:57:09,683 - pid_web_server - INFO - Server started on http://0.0.0.0:8080/
2025-03-17 15:57:09,684 - pid_web_server - INFO - Saved PID parameters: {'kp': 10.0, 'ki': 0.1, 'kd': 1.0, 'alpha': 0.2, 'sample_time': 10, 'target_angle': 0.0, 'deadband': 60, 'max_speed': 100, 'zero_threshold': 0.1}
2025-03-17 15:58:03,717 - pid_web_server - INFO - Shutting down server...
2025-03-17 15:58:03,723 - pid_web_server - INFO - Saved PID parameters: {'kp': 10.0, 'ki': 0.1, 'kd': 1.0, 'alpha': 0.2, 'sample_time': 10, 'target_angle': 0.0, 'deadband': 60, 'max_speed': 100, 'zero_threshold': 0.1}
2025-03-17 15:58:03,724 - pid_web_server - INFO - Server shutdown complete
2025-03-17 16:18:23,062 - pid_web_server - INFO - Updated PID parameters: {'kp': 10.0, 'ki': 0.1, 'kd': 1.0, 'alpha': 0.2, 'sample_time': 10.0, 'target_angle': 0.0, 'deadband': 60.0, 'max_speed': 100.0, 'zero_threshold': 0.1}
2025-03-17 16:18:23,063 - pid_web_server - INFO - Saved PID parameters: {'kp': 10.0, 'ki': 0.1, 'kd': 1.0, 'alpha': 0.2, 'sample_time': 10.0, 'target_angle': 0.0, 'deadband': 60.0, 'max_speed': 100.0, 'zero_threshold': 0.1}
2025-03-17 16:18:23,064 - pid_web_server - INFO - Updated robot_config.json with PID parameters
2025-03-17 16:18:28,809 - pid_web_server - INFO - Updated PID parameters: {'kp': 13.3, 'ki': 0.1, 'kd': 1.0, 'alpha': 0.2, 'sample_time': 10.0, 'target_angle': 0.0, 'deadband': 60.0, 'max_speed': 100.0, 'zero_threshold': 0.1}
2025-03-17 16:18:28,810 - pid_web_server - INFO - Saved PID parameters: {'kp': 13.3, 'ki': 0.1, 'kd': 1.0, 'alpha': 0.2, 'sample_time': 10.0, 'target_angle': 0.0, 'deadband': 60.0, 'max_speed': 100.0, 'zero_threshold': 0.1}
2025-03-17 16:18:28,811 - pid_web_server - INFO - Updated robot_config.json with PID parameters
2025-03-17 16:18:34,862 - pid_web_server - INFO - Updated PID parameters: {'kp': 19.2, 'ki': 0.1, 'kd': 1.0, 'alpha': 0.2, 'sample_time': 10.0, 'target_angle': 0.0, 'deadband': 60.0, 'max_speed': 100.0, 'zero_threshold': 0.1}
2025-03-17 16:18:34,864 - pid_web_server - INFO - Saved PID parameters: {'kp': 19.2, 'ki': 0.1, 'kd': 1.0, 'alpha': 0.2, 'sample_time': 10.0, 'target_angle': 0.0, 'deadband': 60.0, 'max_speed': 100.0, 'zero_threshold': 0.1}
2025-03-17 16:18:34,865 - pid_web_server - INFO - Updated robot_config.json with PID parameters
2025-03-17 16:18:35,358 - pid_web_server - INFO - Updated PID parameters: {'kp': 19.2, 'ki': 0.1, 'kd': 1.0, 'alpha': 0.2, 'sample_time': 10.0, 'target_angle': 0.0, 'deadband': 60.0, 'max_speed': 100.0, 'zero_threshold': 0.1}
2025-03-17 16:18:35,359 - pid_web_server - INFO - Saved PID parameters: {'kp': 19.2, 'ki': 0.1, 'kd': 1.0, 'alpha': 0.2, 'sample_time': 10.0, 'target_angle': 0.0, 'deadband': 60.0, 'max_speed': 100.0, 'zero_threshold': 0.1}
2025-03-17 16:18:35,360 - pid_web_server - INFO - Updated robot_config.json with PID parameters
2025-03-17 16:18:35,824 - pid_web_server - INFO - Updated PID parameters: {'kp': 19.2, 'ki': 0.1, 'kd': 1.0, 'alpha': 0.2, 'sample_time': 10.0, 'target_angle': 0.0, 'deadband': 60.0, 'max_speed': 100.0, 'zero_threshold': 0.1}
2025-03-17 16:18:35,825 - pid_web_server - INFO - Saved PID parameters: {'kp': 19.2, 'ki': 0.1, 'kd': 1.0, 'alpha': 0.2, 'sample_time': 10.0, 'target_angle': 0.0, 'deadband': 60.0, 'max_speed': 100.0, 'zero_threshold': 0.1}
2025-03-17 16:18:35,826 - pid_web_server - INFO - Updated robot_config.json with PID parameters
